app/build/intermediates/manifest_merge_blame_file/debug/manifest-merger-blame-debug-report.txt
1<?xml version="1.0" encoding="utf-8"?>
2<manifest xmlns:android="http://schemas.android.com/apk/res/android"
3    package="com.example.testroom"
4    android:versionCode="1"
5    android:versionName="1.0" >
6
7    <uses-sdk
8        android:minSdkVersion="29"
8-->src\main\AndroidManifest.xml
9        android:targetSdkVersion="32" />
9-->src\main\AndroidManifest.xml
10
11    <!-- Request legacy Bluetooth permissions on older devices. -->
12    <uses-permission android:name="android.permission.BLUETOOTH" />
12-->src\main\AndroidManifest.xml:6:5-68
12-->src\main\AndroidManifest.xml:6:22-65
13    <uses-permission android:name="android.permission.BLUETOOTH_ADMIN" />
13-->src\main\AndroidManifest.xml:7:5-74
13-->src\main\AndroidManifest.xml:7:22-71
14    <!--
15         Needed only if your app looks for Bluetooth devices.
16             If your app doesn't use Bluetooth scan results to derive physical
17             location information, you can strongly assert that your app
18             doesn't derive physical location.
19    -->
20    <uses-permission android:name="android.permission.BLUETOOTH_SCAN" />
20-->src\main\AndroidManifest.xml:12:5-73
20-->src\main\AndroidManifest.xml:12:22-70
21
22    <!--
23         Needed only if your app communicates with already-paired Bluetooth
24           devices.
25    -->
26    <uses-permission android:name="android.permission.BLUETOOTH_CONNECT" />
26-->src\main\AndroidManifest.xml:16:5-76
26-->src\main\AndroidManifest.xml:16:22-73
27    <uses-permission android:name="android.permission.ACCESS_FINE_LOCATION" />
27-->src\main\AndroidManifest.xml:18:5-78
27-->src\main\AndroidManifest.xml:18:22-76
28    <uses-permission android:name="android.permission.ACCESS_COARSE_LOCATION" />
28-->src\main\AndroidManifest.xml:19:5-80
28-->src\main\AndroidManifest.xml:19:22-78
29    <uses-permission android:name="android.permission.READ_EXTERNAL_STORAGE" />
29-->src\main\AndroidManifest.xml:21:5-80
29-->src\main\AndroidManifest.xml:21:22-77
30    <uses-permission android:name="android.permission.WRITE_EXTERNAL_STORAGE" />
30-->src\main\AndroidManifest.xml:22:5-23:68
30-->src\main\AndroidManifest.xml:23:9-65
31
32    <!-- bibo01 : hardware option -->
33    <uses-feature
33-->src\main\AndroidManifest.xml:26:5-90
34        android:name="android.hardware.bluetooth_le"
34-->src\main\AndroidManifest.xml:26:19-63
35        android:required="true" />
35-->src\main\AndroidManifest.xml:26:64-88
36
37    <uses-permission android:name="android.permission.WRITE_SECURE_SETTINGS" />
37-->[sdk-release.aar] AndroidManifest.xml:17:5-19:47
37-->[sdk-release.aar] AndroidManifest.xml:18:9-64
38
39    <application
39-->src\main\AndroidManifest.xml:28:5-60:19
40        android:allowBackup="true"
40-->src\main\AndroidManifest.xml:29:9-35
41        android:appComponentFactory="androidx.core.app.CoreComponentFactory"
41-->[androidx.core:core:1.7.0] AndroidManifest.xml:24:18-86
42        android:dataExtractionRules="@xml/data_extraction_rules"
42-->src\main\AndroidManifest.xml:30:9-65
43        android:debuggable="true"
44        android:extractNativeLibs="false"
45        android:fullBackupContent="@xml/backup_rules"
45-->src\main\AndroidManifest.xml:31:9-54
46        android:icon="@mipmap/ic_launcher"
46-->src\main\AndroidManifest.xml:32:9-43
47        android:label="@string/app_name"
47-->src\main\AndroidManifest.xml:33:9-41
48        android:requestLegacyExternalStorage="true"
48-->[sdk-release.aar] AndroidManifest.xml:24:9-52
49        android:roundIcon="@mipmap/ic_launcher_round"
49-->src\main\AndroidManifest.xml:34:9-54
50        android:supportsRtl="true"
50-->src\main\AndroidManifest.xml:35:9-35
51        android:theme="@style/Theme.TestRoom" >
51-->src\main\AndroidManifest.xml:36:9-46
52        <activity
52-->src\main\AndroidManifest.xml:39:9-42:57
53            android:name="com.example.testroom.BPM.BPMTestActivity"
53-->src\main\AndroidManifest.xml:40:13-48
54            android:screenOrientation="portrait"
54-->src\main\AndroidManifest.xml:41:13-49
55            android:windowSoftInputMode="stateHidden" />
55-->src\main\AndroidManifest.xml:42:13-54
56        <activity
56-->src\main\AndroidManifest.xml:44:9-47:57
57            android:name="com.example.testroom.BT.BtTestActivity"
57-->src\main\AndroidManifest.xml:45:13-46
58            android:screenOrientation="portrait"
58-->src\main\AndroidManifest.xml:46:13-49
59            android:windowSoftInputMode="stateHidden" />
59-->src\main\AndroidManifest.xml:47:13-54
60        <activity
60-->src\main\AndroidManifest.xml:49:9-59:20
61            android:name="com.example.testroom.Chose.ChoseActivity"
61-->src\main\AndroidManifest.xml:50:13-48
62            android:exported="true"
62-->src\main\AndroidManifest.xml:51:13-36
63            android:label="@string/app_name"
63-->src\main\AndroidManifest.xml:52:13-45
64            android:theme="@style/Theme.TestRoom" >
64-->src\main\AndroidManifest.xml:53:13-50
65            <intent-filter>
65-->src\main\AndroidManifest.xml:54:13-58:29
66                <action android:name="android.intent.action.MAIN" />
66-->src\main\AndroidManifest.xml:55:17-69
66-->src\main\AndroidManifest.xml:55:25-66
67
68                <category android:name="android.intent.category.LAUNCHER" />
68-->src\main\AndroidManifest.xml:57:17-77
68-->src\main\AndroidManifest.xml:57:27-74
69            </intent-filter>
70        </activity>
71        <activity
71-->[androidx.compose.ui:ui-tooling:1.1.1] AndroidManifest.xml:25:9-27:39
72            android:name="androidx.compose.ui.tooling.PreviewActivity"
72-->[androidx.compose.ui:ui-tooling:1.1.1] AndroidManifest.xml:26:13-71
73            android:exported="true" />
73-->[androidx.compose.ui:ui-tooling:1.1.1] AndroidManifest.xml:27:13-36
74        <activity
74-->[androidx.compose.ui:ui-test-manifest:1.1.1] AndroidManifest.xml:25:9-27:39
75            android:name="androidx.activity.ComponentActivity"
75-->[androidx.compose.ui:ui-test-manifest:1.1.1] AndroidManifest.xml:26:13-63
76            android:exported="true" />
76-->[androidx.compose.ui:ui-test-manifest:1.1.1] AndroidManifest.xml:27:13-36
77
78        <service
78-->[androidx.room:room-runtime:2.4.2] AndroidManifest.xml:25:9-28:40
79            android:name="androidx.room.MultiInstanceInvalidationService"
79-->[androidx.room:room-runtime:2.4.2] AndroidManifest.xml:26:13-74
80            android:directBootAware="true"
80-->[androidx.room:room-runtime:2.4.2] AndroidManifest.xml:27:13-43
81            android:exported="false" />
81-->[androidx.room:room-runtime:2.4.2] AndroidManifest.xml:28:13-37
82
83        <provider
83-->[androidx.profileinstaller:profileinstaller:1.1.0] AndroidManifest.xml:26:9-34:20
84            android:name="androidx.startup.InitializationProvider"
84-->[androidx.profileinstaller:profileinstaller:1.1.0] AndroidManifest.xml:27:13-67
85            android:authorities="com.example.testroom.androidx-startup"
85-->[androidx.profileinstaller:profileinstaller:1.1.0] AndroidManifest.xml:28:13-68
86            android:exported="false" >
86-->[androidx.profileinstaller:profileinstaller:1.1.0] AndroidManifest.xml:29:13-37
87            <meta-data
87-->[androidx.profileinstaller:profileinstaller:1.1.0] AndroidManifest.xml:31:13-33:52
88                android:name="androidx.profileinstaller.ProfileInstallerInitializer"
88-->[androidx.profileinstaller:profileinstaller:1.1.0] AndroidManifest.xml:32:17-85
89                android:value="androidx.startup" />
89-->[androidx.profileinstaller:profileinstaller:1.1.0] AndroidManifest.xml:33:17-49
90        </provider>
91
92        <receiver
92-->[androidx.profileinstaller:profileinstaller:1.1.0] AndroidManifest.xml:36:9-45:20
93            android:name="androidx.profileinstaller.ProfileInstallReceiver"
93-->[androidx.profileinstaller:profileinstaller:1.1.0] AndroidManifest.xml:37:13-76
94            android:directBootAware="false"
94-->[androidx.profileinstaller:profileinstaller:1.1.0] AndroidManifest.xml:38:13-44
95            android:enabled="true"
95-->[androidx.profileinstaller:profileinstaller:1.1.0] AndroidManifest.xml:39:13-35
96            android:exported="true"
96-->[androidx.profileinstaller:profileinstaller:1.1.0] AndroidManifest.xml:40:13-36
97            android:permission="android.permission.DUMP" >
97-->[androidx.profileinstaller:profileinstaller:1.1.0] AndroidManifest.xml:41:13-57
98            <intent-filter>
98-->[androidx.profileinstaller:profileinstaller:1.1.0] AndroidManifest.xml:42:13-44:29
99                <action android:name="androidx.profileinstaller.action.INSTALL_PROFILE" />
99-->[androidx.profileinstaller:profileinstaller:1.1.0] AndroidManifest.xml:43:17-91
99-->[androidx.profileinstaller:profileinstaller:1.1.0] AndroidManifest.xml:43:25-88
100            </intent-filter>
101        </receiver>
102    </application>
103
104</manifest>